0 verbose cli /usr/local/bin/node /usr/local/bin/npm
1 info using npm@9.8.1
2 info using node@v19.9.0
3 timing npm:load:whichnode Completed in 2ms
4 timing config:load:defaults Completed in 2ms
5 timing config:load:file:/usr/local/lib/node_modules/npm/npmrc Completed in 1ms
6 timing config:load:builtin Completed in 2ms
7 timing config:load:cli Completed in 2ms
8 timing config:load:env Completed in 0ms
9 timing config:load:project Completed in 3ms
10 timing config:load:file:/home/container/.npmrc Completed in 0ms
11 timing config:load:user Completed in 0ms
12 timing config:load:file:/usr/local/etc/npmrc Completed in 0ms
13 timing config:load:global Completed in 1ms
14 timing config:load:setEnvs Completed in 1ms
15 timing config:load Completed in 12ms
16 timing npm:load:configload Completed in 12ms
17 timing config:load:flatten Completed in 2ms
18 timing npm:load:mkdirpcache Completed in 1ms
19 timing npm:load:mkdirplogs Completed in 0ms
20 verbose title npm install
21 verbose argv "install"
22 timing npm:load:setTitle Completed in 1ms
23 timing npm:load:display Completed in 0ms
24 verbose logfile logs-max:10 dir:/home/container/.npm/_logs/2024-05-29T16_03_24_238Z-
25 verbose logfile /home/container/.npm/_logs/2024-05-29T16_03_24_238Z-debug-0.log
26 timing npm:load:logFile Completed in 8ms
27 timing npm:load:timers Completed in 0ms
28 timing npm:load:configScope Completed in 0ms
29 timing npm:load Completed in 40ms
30 timing arborist:ctor Completed in 1ms
31 silly logfile done cleaning log files
32 timing idealTree:init Completed in 64ms
33 timing idealTree:userRequests Completed in 1ms
34 silly idealTree buildDeps
35 timing idealTree:#root Completed in 0ms
36 timing idealTree:buildDeps Completed in 1ms
37 timing idealTree:fixDepFlags Completed in 0ms
38 timing idealTree Completed in 69ms
39 verbose shrinkwrap failed to load node_modules/.package-lock.json out of date, updated: node_modules
40 timing reify:loadTrees Completed in 115ms
41 timing reify:diffTrees Completed in 4ms
42 silly reify moves {}
43 timing reify:retireShallow Completed in 1ms
44 timing reify:createSparse Completed in 0ms
45 timing reify:loadBundles Completed in 0ms
46 silly audit bulk request {
46 silly audit   '@discordjs/builders': [ '0.8.2' ],
46 silly audit   '@discordjs/collection': [ '0.3.2', '1.3.0' ],
46 silly audit   '@discordjs/form-data': [ '3.0.1' ],
46 silly audit   '@discordjs/rest': [ '1.5.0' ],
46 silly audit   'discord-api-types': [ '0.37.30', '0.24.0' ],
46 silly audit   '@discordjs/util': [ '0.1.0' ],
46 silly audit   '@sapphire/async-queue': [ '1.5.0' ],
46 silly audit   '@sapphire/snowflake': [ '3.4.0' ],
46 silly audit   '@sindresorhus/is': [ '4.2.0' ],
46 silly audit   '@tokenizer/token': [ '0.3.0' ],
46 silly audit   '@types/node': [ '16.11.7' ],
46 silly audit   '@types/node-fetch': [ '2.5.12' ],
46 silly audit   '@types/ws': [ '8.2.0' ],
46 silly audit   abbrev: [ '1.1.1' ],
46 silly audit   anymatch: [ '3.1.3' ],
46 silly audit   asynckit: [ '0.4.0' ],
46 silly audit   'balanced-match': [ '1.0.2' ],
46 silly audit   'bignumber.js': [ '9.0.0' ],
46 silly audit   'binary-extensions': [ '2.2.0' ],
46 silly audit   'brace-expansion': [ '1.1.11' ],
46 silly audit   braces: [ '3.0.2' ],
46 silly audit   busboy: [ '1.6.0' ],
46 silly audit   callsites: [ '3.1.0' ],
46 silly audit   chokidar: [ '3.5.3' ],
46 silly audit   'combined-stream': [ '1.0.8' ],
46 silly audit   'concat-map': [ '0.0.1' ],
46 silly audit   'core-util-is': [ '1.0.3' ],
46 silly audit   debug: [ '3.2.7' ],
46 silly audit   'delayed-stream': [ '1.0.0' ],
46 silly audit   'discord.js': [ '13.3.1' ],
46 silly audit   'dot-prop': [ '6.0.1' ],
46 silly audit   dotenv: [ '8.6.0' ],
46 silly audit   'dotenv-flow': [ '3.2.0' ],
46 silly audit   'file-type': [ '18.2.0' ],
46 silly audit   'fill-range': [ '7.0.1' ],
46 silly audit   'form-data': [ '3.0.1' ],
46 silly audit   fsevents: [ '2.3.2' ],
46 silly audit   'glob-parent': [ '5.1.2' ],
46 silly audit   'has-flag': [ '3.0.0' ],
46 silly audit   ieee754: [ '1.2.1' ],
46 silly audit   'ignore-by-default': [ '1.0.1' ],
46 silly audit   inherits: [ '2.0.4' ],
46 silly audit   'is-binary-path': [ '2.1.0' ],
46 silly audit   'is-extglob': [ '2.1.1' ],
46 silly audit   'is-glob': [ '4.0.3' ],
46 silly audit   'is-number': [ '7.0.0' ],
46 silly audit   'is-obj': [ '2.0.0' ],
46 silly audit   isarray: [ '1.0.0' ],
46 silly audit   'lodash.isequal': [ '4.5.0' ],
46 silly audit   'mime-db': [ '1.51.0' ],
46 silly audit   'mime-types': [ '2.1.34' ],
46 silly audit   minimatch: [ '3.1.2' ],
46 silly audit   ms: [ '2.1.3' ],
46 silly audit   mysql: [ '2.18.1' ],
46 silly audit   'node-fetch': [ '2.6.8' ],
46 silly audit   nodemon: [ '2.0.20' ],
46 silly audit   nopt: [ '1.0.10' ],
46 silly audit   'normalize-path': [ '3.0.0' ],
46 silly audit   ow: [ '0.27.0' ],
46 silly audit   'peek-readable': [ '5.0.0' ],
46 silly audit   picomatch: [ '2.3.1' ],
46 silly audit   'process-nextick-args': [ '2.0.1' ],
46 silly audit   'pstree.remy': [ '1.1.8' ],
46 silly audit   'readable-stream': [ '2.3.7', '3.6.0' ],
46 silly audit   'readable-web-to-node-stream': [ '3.0.2' ],
46 silly audit   readdirp: [ '3.6.0' ],
46 silly audit   'safe-buffer': [ '5.1.2' ],
46 silly audit   semver: [ '5.7.1', '7.0.0' ],
46 silly audit   'simple-update-notifier': [ '1.1.0' ],
46 silly audit   sqlstring: [ '2.3.1' ],
46 silly audit   streamsearch: [ '1.1.0' ],
46 silly audit   string_decoder: [ '1.1.1' ],
46 silly audit   strtok3: [ '7.0.0' ],
46 silly audit   'supports-color': [ '5.5.0' ],
46 silly audit   'to-regex-range': [ '5.0.1' ],
46 silly audit   'token-types': [ '5.0.1' ],
46 silly audit   touch: [ '3.1.0' ],
46 silly audit   tr46: [ '0.0.3' ],
46 silly audit   'ts-mixer': [ '6.0.0' ],
46 silly audit   tslib: [ '2.5.0' ],
46 silly audit   'type-fest': [ '1.4.0' ],
46 silly audit   undefsafe: [ '2.0.5' ],
46 silly audit   undici: [ '5.16.0' ],
46 silly audit   'util-deprecate': [ '1.0.2' ],
46 silly audit   'vali-date': [ '1.0.0' ],
46 silly audit   'webidl-conversions': [ '3.0.1' ],
46 silly audit   'whatwg-url': [ '5.0.0' ],
46 silly audit   ws: [ '8.2.3' ]
46 silly audit }
47 timing reify:unpack Completed in 0ms
48 timing reify:unretire Completed in 0ms
49 timing build:queue Completed in 0ms
50 timing build:deps Completed in 0ms
51 timing build Completed in 1ms
52 timing reify:build Completed in 1ms
53 timing reify:trash Completed in 0ms
54 timing reify:save Completed in 46ms
55 http fetch GET 200 https://registry.npmjs.org/npm 296ms (cache miss)
56 http fetch POST 200 https://registry.npmjs.org/-/npm/v1/security/advisories/bulk 248ms
57 timing auditReport:getReport Completed in 252ms
58 silly audit report {
58 silly audit report   semver: [
58 silly audit report     {
58 silly audit report       id: 1096482,
58 silly audit report       url: 'https://github.com/advisories/GHSA-c2qf-rxjj-qqgw',
58 silly audit report       title: 'semver vulnerable to Regular Expression Denial of Service',
58 silly audit report       severity: 'moderate',
58 silly audit report       vulnerable_versions: '>=7.0.0 <7.5.2',
58 silly audit report       cwe: [Array],
58 silly audit report       cvss: [Object]
58 silly audit report     },
58 silly audit report     {
58 silly audit report       id: 1096483,
58 silly audit report       url: 'https://github.com/advisories/GHSA-c2qf-rxjj-qqgw',
58 silly audit report       title: 'semver vulnerable to Regular Expression Denial of Service',
58 silly audit report       severity: 'moderate',
58 silly audit report       vulnerable_versions: '<5.7.2',
58 silly audit report       cwe: [Array],
58 silly audit report       cvss: [Object]
58 silly audit report     }
58 silly audit report   ],
58 silly audit report   undici: [
58 silly audit report     {
58 silly audit report       id: 1091088,
58 silly audit report       url: 'https://github.com/advisories/GHSA-r6ch-mqf9-qc9w',
58 silly audit report       title: 'Regular Expression Denial of Service in Headers',
58 silly audit report       severity: 'high',
58 silly audit report       vulnerable_versions: '<5.19.1',
58 silly audit report       cwe: [Array],
58 silly audit report       cvss: [Object]
58 silly audit report     },
58 silly audit report     {
58 silly audit report       id: 1091151,
58 silly audit report       url: 'https://github.com/advisories/GHSA-5r9g-qh6m-jxff',
58 silly audit report       title: 'CRLF Injection in Nodejs ‘undici’ via host',
58 silly audit report       severity: 'moderate',
58 silly audit report       vulnerable_versions: '>=2.0.0 <5.19.1',
58 silly audit report       cwe: [Array],
58 silly audit report       cvss: [Object]
58 silly audit report     },
58 silly audit report     {
58 silly audit report       id: 1096502,
58 silly audit report       url: 'https://github.com/advisories/GHSA-wqq4-5wpv-mx2g',
58 silly audit report       title: "Undici's cookie header not cleared on cross-origin redirect in fetch",
58 silly audit report       severity: 'low',
58 silly audit report       vulnerable_versions: '<5.26.2',
58 silly audit report       cwe: [Array],
58 silly audit report       cvss: [Object]
58 silly audit report     },
58 silly audit report     {
58 silly audit report       id: 1097109,
58 silly audit report       url: 'https://github.com/advisories/GHSA-m4v8-wqvr-p9f7',
58 silly audit report       title: "Undici's Proxy-Authorization header not cleared on cross-origin redirect for dispatch, request, stream, pipeline",
58 silly audit report       severity: 'low',
58 silly audit report       vulnerable_versions: '<5.28.4',
58 silly audit report       cwe: [Array],
58 silly audit report       cvss: [Object]
58 silly audit report     },
58 silly audit report     {
58 silly audit report       id: 1097200,
58 silly audit report       url: 'https://github.com/advisories/GHSA-9qxr-qj54-h672',
58 silly audit report       title: "Undici's fetch with integrity option is too lax when algorithm is specified but hash value is in incorrect",
58 silly audit report       severity: 'low',
58 silly audit report       vulnerable_versions: '<5.28.4',
58 silly audit report       cwe: [Array],
58 silly audit report       cvss: [Object]
58 silly audit report     },
58 silly audit report     {
58 silly audit report       id: 1097221,
58 silly audit report       url: 'https://github.com/advisories/GHSA-3787-6prv-h9w3',
58 silly audit report       title: 'Undici proxy-authorization header not cleared on cross-origin redirect in fetch',
58 silly audit report       severity: 'low',
58 silly audit report       vulnerable_versions: '<=5.28.2',
58 silly audit report       cwe: [Array],
58 silly audit report       cvss: [Object]
58 silly audit report     }
58 silly audit report   ]
58 silly audit report }
59 timing metavuln:cache:get:security-advisory:semver:g1vJG11wXBTamuqcp6anLd2yC0AnCjlhaLFglyJx4rEfKLK+YF116HpQw1CsB0bwCPUkxcSemSBkmLIdEXe6xw== Completed in 3ms
60 timing metavuln:cache:get:security-advisory:semver:YpN6YES21bdtFcj77J4gyDAcoFtVQs6y6pK52a0QXHM6ITXJjpkpE9IpjL8F/hL80Wqt9oIs2axXssYOcSOYHA== Completed in 2ms
61 timing metavuln:cache:get:security-advisory:undici:baMmQIWZBa6WnO8P3a71muKjtzGPttvtCQzYBrz8j3QU7bu5e5bKYSz9qxG7SJA/7Rx1Vr9eqhmA4qPMt/vT0Q== Completed in 2ms
62 timing metavuln:cache:get:security-advisory:undici:nQObUsuTAJw3uIE2fDBnnvZ/K+sGYoQceZrAoY2KQ7iHjP+DKZ89jIOBQ7el1efh19OJOpXHaTafU32tKOzZ9Q== Completed in 1ms
63 timing metavuln:cache:get:security-advisory:undici:CQme3UXqbSc+6MbXKNOaEvMU/3z0huPXd+qWmB7TiOHJlEvs8VRjRggkmUpdwhQLuZrmY0ySr/ibkfKpCwXWfg== Completed in 1ms
64 timing metavuln:cache:get:security-advisory:undici:QG73LuInvDBdZYADfl1qB8jY9C7UpBQkuTKd/itV7s7gihsLFh1a7D8QtWGfh3SoArcQX0DF/5oPtPnQ56vBxg== Completed in 1ms
65 timing metavuln:cache:get:security-advisory:undici:jsNyNlukHQX/1i4LuYKN3cZCuXKfu2x92ozRygCBxVuiExwL9TkThkc916gjlJGQawfN2Zatds6h//glb3um1Q== Completed in 1ms
66 timing metavuln:cache:get:security-advisory:undici:EFWxERUMzcdft7d+aD1MasDluk3Z64n0tXO2QsdhFRBK2P74gW20u4/aCJK8OC4A4F1wxBCxTgsKKdiBuyCKwA== Completed in 1ms
67 http fetch GET 200 https://registry.npmjs.org/semver 44ms (cache miss)
68 timing metavuln:packument:semver Completed in 45ms
69 timing metavuln:load:security-advisory:semver:1096482 Completed in 4ms
70 timing metavuln:load:security-advisory:semver:1096483 Completed in 4ms
71 timing metavuln:cache:put:security-advisory:semver:YpN6YES21bdtFcj77J4gyDAcoFtVQs6y6pK52a0QXHM6ITXJjpkpE9IpjL8F/hL80Wqt9oIs2axXssYOcSOYHA== Completed in 6ms
72 timing metavuln:calculate:security-advisory:semver:1096483 Completed in 60ms
73 timing metavuln:cache:put:security-advisory:semver:g1vJG11wXBTamuqcp6anLd2yC0AnCjlhaLFglyJx4rEfKLK+YF116HpQw1CsB0bwCPUkxcSemSBkmLIdEXe6xw== Completed in 10ms
74 timing metavuln:calculate:security-advisory:semver:1096482 Completed in 61ms
75 http fetch GET 200 https://registry.npmjs.org/undici 60ms (cache miss)
76 timing metavuln:packument:undici Completed in 65ms
77 timing metavuln:load:security-advisory:undici:1091088 Completed in 8ms
78 timing metavuln:load:security-advisory:undici:1091151 Completed in 10ms
79 timing metavuln:load:security-advisory:undici:1096502 Completed in 9ms
80 timing metavuln:load:security-advisory:undici:1097109 Completed in 4ms
81 timing metavuln:load:security-advisory:undici:1097200 Completed in 3ms
82 timing metavuln:load:security-advisory:undici:1097221 Completed in 4ms
83 timing metavuln:cache:put:security-advisory:undici:QG73LuInvDBdZYADfl1qB8jY9C7UpBQkuTKd/itV7s7gihsLFh1a7D8QtWGfh3SoArcQX0DF/5oPtPnQ56vBxg== Completed in 14ms
84 timing metavuln:calculate:security-advisory:undici:1097109 Completed in 109ms
85 timing metavuln:cache:put:security-advisory:undici:baMmQIWZBa6WnO8P3a71muKjtzGPttvtCQzYBrz8j3QU7bu5e5bKYSz9qxG7SJA/7Rx1Vr9eqhmA4qPMt/vT0Q== Completed in 37ms
86 timing metavuln:calculate:security-advisory:undici:1091088 Completed in 110ms
87 timing metavuln:cache:put:security-advisory:undici:nQObUsuTAJw3uIE2fDBnnvZ/K+sGYoQceZrAoY2KQ7iHjP+DKZ89jIOBQ7el1efh19OJOpXHaTafU32tKOzZ9Q== Completed in 27ms
88 timing metavuln:calculate:security-advisory:undici:1091151 Completed in 109ms
89 timing metavuln:cache:put:security-advisory:undici:CQme3UXqbSc+6MbXKNOaEvMU/3z0huPXd+qWmB7TiOHJlEvs8VRjRggkmUpdwhQLuZrmY0ySr/ibkfKpCwXWfg== Completed in 18ms
90 timing metavuln:calculate:security-advisory:undici:1096502 Completed in 109ms
91 timing metavuln:cache:put:security-advisory:undici:EFWxERUMzcdft7d+aD1MasDluk3Z64n0tXO2QsdhFRBK2P74gW20u4/aCJK8OC4A4F1wxBCxTgsKKdiBuyCKwA== Completed in 6ms
92 timing metavuln:calculate:security-advisory:undici:1097221 Completed in 110ms
93 timing metavuln:cache:put:security-advisory:undici:jsNyNlukHQX/1i4LuYKN3cZCuXKfu2x92ozRygCBxVuiExwL9TkThkc916gjlJGQawfN2Zatds6h//glb3um1Q== Completed in 11ms
94 timing metavuln:calculate:security-advisory:undici:1097200 Completed in 110ms
95 timing metavuln:cache:get:security-advisory:simple-update-notifier:M18u/m0MDQMDvmdEwXbiD56lvDprnfj4s0cjFbaMX6zgbi51QsLFts7DU2mUWiOOAtu+Ehw4kdeGU9noYQ0L8g== Completed in 1ms
96 http fetch GET 200 https://registry.npmjs.org/simple-update-notifier 36ms (cache miss)
97 timing metavuln:packument:simple-update-notifier Completed in 37ms
98 timing metavuln:load:security-advisory:simple-update-notifier:g1vJG11wXBTamuqcp6anLd2yC0AnCjlhaLFglyJx4rEfKLK+YF116HpQw1CsB0bwCPUkxcSemSBkmLIdEXe6xw== Completed in 3ms
99 timing metavuln:cache:put:security-advisory:simple-update-notifier:M18u/m0MDQMDvmdEwXbiD56lvDprnfj4s0cjFbaMX6zgbi51QsLFts7DU2mUWiOOAtu+Ehw4kdeGU9noYQ0L8g== Completed in 1ms
100 timing metavuln:calculate:security-advisory:simple-update-notifier:g1vJG11wXBTamuqcp6anLd2yC0AnCjlhaLFglyJx4rEfKLK+YF116HpQw1CsB0bwCPUkxcSemSBkmLIdEXe6xw== Completed in 42ms
101 timing metavuln:cache:get:security-advisory:nodemon:q139jBi2DnqPUB7UuiFdQHEM6O5dOpI9482VRqvKm1hdv43Fw2oc3xQmCv9HvaP5tbDjQa1bVdeCrcIF7fqo8Q== Completed in 1ms
102 http fetch GET 200 https://registry.npmjs.org/nodemon 47ms (cache miss)
103 timing metavuln:packument:nodemon Completed in 50ms
104 timing metavuln:load:security-advisory:nodemon:YpN6YES21bdtFcj77J4gyDAcoFtVQs6y6pK52a0QXHM6ITXJjpkpE9IpjL8F/hL80Wqt9oIs2axXssYOcSOYHA== Completed in 15ms
105 timing metavuln:cache:put:security-advisory:nodemon:q139jBi2DnqPUB7UuiFdQHEM6O5dOpI9482VRqvKm1hdv43Fw2oc3xQmCv9HvaP5tbDjQa1bVdeCrcIF7fqo8Q== Completed in 5ms
106 timing metavuln:calculate:security-advisory:nodemon:YpN6YES21bdtFcj77J4gyDAcoFtVQs6y6pK52a0QXHM6ITXJjpkpE9IpjL8F/hL80Wqt9oIs2axXssYOcSOYHA== Completed in 71ms
107 timing metavuln:cache:get:security-advisory:@discordjs/rest:LsrgDcW5Pnj/U0JatSgLjQxN1hIblpg1cT+aCCd1Soe2WQZWZ4ixtCQp7Gyne8TknqMOUHg7U/bsD48bwWOZJw== Completed in 1ms
108 http fetch GET 200 https://registry.npmjs.org/@discordjs%2frest 183ms (cache miss)
109 timing metavuln:packument:@discordjs/rest Completed in 198ms
110 timing metavuln:load:security-advisory:@discordjs/rest:baMmQIWZBa6WnO8P3a71muKjtzGPttvtCQzYBrz8j3QU7bu5e5bKYSz9qxG7SJA/7Rx1Vr9eqhmA4qPMt/vT0Q== Completed in 69ms
111 timing metavuln:cache:put:security-advisory:@discordjs/rest:LsrgDcW5Pnj/U0JatSgLjQxN1hIblpg1cT+aCCd1Soe2WQZWZ4ixtCQp7Gyne8TknqMOUHg7U/bsD48bwWOZJw== Completed in 9ms
112 timing metavuln:calculate:security-advisory:@discordjs/rest:baMmQIWZBa6WnO8P3a71muKjtzGPttvtCQzYBrz8j3QU7bu5e5bKYSz9qxG7SJA/7Rx1Vr9eqhmA4qPMt/vT0Q== Completed in 277ms
113 timing metavuln:cache:get:security-advisory:nodemon:LlhdwIHl4M/JR4zib76MefBJEPX+uwuq0n9pkNv/a0zPscEDGslOieQIg+Z85IXjV3sPNoCwtELa65eYgdww9Q== Completed in 0ms
114 timing metavuln:load:security-advisory:nodemon:M18u/m0MDQMDvmdEwXbiD56lvDprnfj4s0cjFbaMX6zgbi51QsLFts7DU2mUWiOOAtu+Ehw4kdeGU9noYQ0L8g== Completed in 12ms
115 timing metavuln:cache:put:security-advisory:nodemon:LlhdwIHl4M/JR4zib76MefBJEPX+uwuq0n9pkNv/a0zPscEDGslOieQIg+Z85IXjV3sPNoCwtELa65eYgdww9Q== Completed in 5ms
116 timing metavuln:calculate:security-advisory:nodemon:M18u/m0MDQMDvmdEwXbiD56lvDprnfj4s0cjFbaMX6zgbi51QsLFts7DU2mUWiOOAtu+Ehw4kdeGU9noYQ0L8g== Completed in 17ms
117 timing auditReport:init Completed in 526ms
118 timing reify:audit Completed in 781ms
119 timing reify Completed in 984ms
120 timing command:install Completed in 1005ms
121 notice
121 notice New [31mmajor[39m version of npm available! [31m9.8.1[39m -> [32m10.8.0[39m
121 notice Changelog: [36mhttps://github.com/npm/cli/releases/tag/v10.8.0[39m
121 notice Run [32mnpm install -g npm@10.8.0[39m to update!
121 notice
122 verbose exit 0
123 timing npm Completed in 1234ms
124 info ok
