0 verbose cli /usr/local/bin/node /usr/local/bin/npm
1 info using npm@9.8.1
2 info using node@v19.9.0
3 timing npm:load:whichnode Completed in 8ms
4 timing config:load:defaults Completed in 3ms
5 timing config:load:file:/usr/local/lib/node_modules/npm/npmrc Completed in 12ms
6 timing config:load:builtin Completed in 12ms
7 timing config:load:cli Completed in 4ms
8 timing config:load:env Completed in 0ms
9 timing config:load:project Completed in 2ms
10 timing config:load:file:/home/container/.npmrc Completed in 0ms
11 timing config:load:user Completed in 0ms
12 timing config:load:file:/usr/local/etc/npmrc Completed in 1ms
13 timing config:load:global Completed in 1ms
14 timing config:load:setEnvs Completed in 1ms
15 timing config:load Completed in 23ms
16 timing npm:load:configload Completed in 23ms
17 timing config:load:flatten Completed in 3ms
18 timing npm:load:mkdirpcache Completed in 1ms
19 timing npm:load:mkdirplogs Completed in 4ms
20 verbose title npm install
21 verbose argv "install"
22 timing npm:load:setTitle Completed in 1ms
23 timing npm:load:display Completed in 1ms
24 verbose logfile logs-max:10 dir:/home/container/.npm/_logs/2024-06-26T02_00_07_588Z-
25 verbose logfile /home/container/.npm/_logs/2024-06-26T02_00_07_588Z-debug-0.log
26 timing npm:load:logFile Completed in 19ms
27 timing npm:load:timers Completed in 0ms
28 timing npm:load:configScope Completed in 0ms
29 timing npm:load Completed in 98ms
30 timing arborist:ctor Completed in 1ms
31 silly logfile start cleaning logs, removing 1 files
32 silly logfile done cleaning log files
33 timing idealTree:init Completed in 107ms
34 timing idealTree:userRequests Completed in 0ms
35 silly idealTree buildDeps
36 timing idealTree:#root Completed in 0ms
37 timing idealTree:buildDeps Completed in 2ms
38 timing idealTree:fixDepFlags Completed in 0ms
39 timing idealTree Completed in 116ms
40 timing arborist:ctor Completed in 0ms
41 timing reify:loadTrees Completed in 169ms
42 timing reify:diffTrees Completed in 8ms
43 silly reify moves {}
44 timing reify:retireShallow Completed in 2ms
45 timing reify:createSparse Completed in 0ms
46 timing reify:loadBundles Completed in 0ms
47 silly audit bulk request {
47 silly audit   '@discordjs/builders': [ '0.8.2' ],
47 silly audit   '@discordjs/collection': [ '0.3.2', '1.3.0' ],
47 silly audit   '@discordjs/form-data': [ '3.0.1' ],
47 silly audit   '@discordjs/rest': [ '1.5.0' ],
47 silly audit   'discord-api-types': [ '0.37.30', '0.24.0' ],
47 silly audit   '@discordjs/util': [ '0.1.0' ],
47 silly audit   '@sapphire/async-queue': [ '1.5.0' ],
47 silly audit   '@sapphire/snowflake': [ '3.4.0' ],
47 silly audit   '@sindresorhus/is': [ '4.2.0' ],
47 silly audit   '@tokenizer/token': [ '0.3.0' ],
47 silly audit   '@types/node': [ '16.11.7' ],
47 silly audit   '@types/node-fetch': [ '2.5.12' ],
47 silly audit   '@types/ws': [ '8.2.0' ],
47 silly audit   abbrev: [ '1.1.1' ],
47 silly audit   anymatch: [ '3.1.3' ],
47 silly audit   asynckit: [ '0.4.0' ],
47 silly audit   'balanced-match': [ '1.0.2' ],
47 silly audit   'bignumber.js': [ '9.0.0' ],
47 silly audit   'binary-extensions': [ '2.2.0' ],
47 silly audit   'brace-expansion': [ '1.1.11' ],
47 silly audit   braces: [ '3.0.2' ],
47 silly audit   busboy: [ '1.6.0' ],
47 silly audit   callsites: [ '3.1.0' ],
47 silly audit   chokidar: [ '3.5.3' ],
47 silly audit   'combined-stream': [ '1.0.8' ],
47 silly audit   'concat-map': [ '0.0.1' ],
47 silly audit   'core-util-is': [ '1.0.3' ],
47 silly audit   debug: [ '3.2.7' ],
47 silly audit   'delayed-stream': [ '1.0.0' ],
47 silly audit   'discord.js': [ '13.3.1' ],
47 silly audit   'dot-prop': [ '6.0.1' ],
47 silly audit   dotenv: [ '8.6.0' ],
47 silly audit   'dotenv-flow': [ '3.2.0' ],
47 silly audit   'file-type': [ '18.2.0' ],
47 silly audit   'fill-range': [ '7.0.1' ],
47 silly audit   'form-data': [ '3.0.1' ],
47 silly audit   fsevents: [ '2.3.2' ],
47 silly audit   'glob-parent': [ '5.1.2' ],
47 silly audit   'has-flag': [ '3.0.0' ],
47 silly audit   ieee754: [ '1.2.1' ],
47 silly audit   'ignore-by-default': [ '1.0.1' ],
47 silly audit   inherits: [ '2.0.4' ],
47 silly audit   'is-binary-path': [ '2.1.0' ],
47 silly audit   'is-extglob': [ '2.1.1' ],
47 silly audit   'is-glob': [ '4.0.3' ],
47 silly audit   'is-number': [ '7.0.0' ],
47 silly audit   'is-obj': [ '2.0.0' ],
47 silly audit   isarray: [ '1.0.0' ],
47 silly audit   'lodash.isequal': [ '4.5.0' ],
47 silly audit   'mime-db': [ '1.51.0' ],
47 silly audit   'mime-types': [ '2.1.34' ],
47 silly audit   minimatch: [ '3.1.2' ],
47 silly audit   ms: [ '2.1.3' ],
47 silly audit   mysql: [ '2.18.1' ],
47 silly audit   'node-fetch': [ '2.6.8' ],
47 silly audit   nodemon: [ '2.0.20' ],
47 silly audit   nopt: [ '1.0.10' ],
47 silly audit   'normalize-path': [ '3.0.0' ],
47 silly audit   ow: [ '0.27.0' ],
47 silly audit   'peek-readable': [ '5.0.0' ],
47 silly audit   picomatch: [ '2.3.1' ],
47 silly audit   'process-nextick-args': [ '2.0.1' ],
47 silly audit   'pstree.remy': [ '1.1.8' ],
47 silly audit   'readable-stream': [ '2.3.7', '3.6.0' ],
47 silly audit   'readable-web-to-node-stream': [ '3.0.2' ],
47 silly audit   readdirp: [ '3.6.0' ],
47 silly audit   'safe-buffer': [ '5.1.2' ],
47 silly audit   semver: [ '5.7.1', '7.0.0' ],
47 silly audit   'simple-update-notifier': [ '1.1.0' ],
47 silly audit   sqlstring: [ '2.3.1' ],
47 silly audit   streamsearch: [ '1.1.0' ],
47 silly audit   string_decoder: [ '1.1.1' ],
47 silly audit   strtok3: [ '7.0.0' ],
47 silly audit   'supports-color': [ '5.5.0' ],
47 silly audit   'to-regex-range': [ '5.0.1' ],
47 silly audit   'token-types': [ '5.0.1' ],
47 silly audit   touch: [ '3.1.0' ],
47 silly audit   tr46: [ '0.0.3' ],
47 silly audit   'ts-mixer': [ '6.0.0' ],
47 silly audit   tslib: [ '2.5.0' ],
47 silly audit   'type-fest': [ '1.4.0' ],
47 silly audit   undefsafe: [ '2.0.5' ],
47 silly audit   undici: [ '5.16.0' ],
47 silly audit   'util-deprecate': [ '1.0.2' ],
47 silly audit   'vali-date': [ '1.0.0' ],
47 silly audit   'webidl-conversions': [ '3.0.1' ],
47 silly audit   'whatwg-url': [ '5.0.0' ],
47 silly audit   ws: [ '8.2.3' ]
47 silly audit }
48 timing reify:unpack Completed in 3ms
49 timing reify:unretire Completed in 0ms
50 timing build:queue Completed in 0ms
51 timing build:deps Completed in 0ms
52 timing build Completed in 0ms
53 timing reify:build Completed in 1ms
54 timing reify:trash Completed in 0ms
55 timing reify:save Completed in 47ms
56 http fetch POST 200 https://registry.npmjs.org/-/npm/v1/security/advisories/bulk 382ms
57 timing auditReport:getReport Completed in 387ms
58 silly audit report {
58 silly audit report   braces: [
58 silly audit report     {
58 silly audit report       id: 1097496,
58 silly audit report       url: 'https://github.com/advisories/GHSA-grv7-fg5c-xmjg',
58 silly audit report       title: 'Uncontrolled resource consumption in braces',
58 silly audit report       severity: 'high',
58 silly audit report       vulnerable_versions: '<3.0.3',
58 silly audit report       cwe: [Array],
58 silly audit report       cvss: [Object]
58 silly audit report     }
58 silly audit report   ],
58 silly audit report   semver: [
58 silly audit report     {
58 silly audit report       id: 1096482,
58 silly audit report       url: 'https://github.com/advisories/GHSA-c2qf-rxjj-qqgw',
58 silly audit report       title: 'semver vulnerable to Regular Expression Denial of Service',
58 silly audit report       severity: 'moderate',
58 silly audit report       vulnerable_versions: '>=7.0.0 <7.5.2',
58 silly audit report       cwe: [Array],
58 silly audit report       cvss: [Object]
58 silly audit report     },
58 silly audit report     {
58 silly audit report       id: 1096483,
58 silly audit report       url: 'https://github.com/advisories/GHSA-c2qf-rxjj-qqgw',
58 silly audit report       title: 'semver vulnerable to Regular Expression Denial of Service',
58 silly audit report       severity: 'moderate',
58 silly audit report       vulnerable_versions: '<5.7.2',
58 silly audit report       cwe: [Array],
58 silly audit report       cvss: [Object]
58 silly audit report     }
58 silly audit report   ],
58 silly audit report   undici: [
58 silly audit report     {
58 silly audit report       id: 1091088,
58 silly audit report       url: 'https://github.com/advisories/GHSA-r6ch-mqf9-qc9w',
58 silly audit report       title: 'Regular Expression Denial of Service in Headers',
58 silly audit report       severity: 'high',
58 silly audit report       vulnerable_versions: '<5.19.1',
58 silly audit report       cwe: [Array],
58 silly audit report       cvss: [Object]
58 silly audit report     },
58 silly audit report     {
58 silly audit report       id: 1091151,
58 silly audit report       url: 'https://github.com/advisories/GHSA-5r9g-qh6m-jxff',
58 silly audit report       title: 'CRLF Injection in Nodejs ‘undici’ via host',
58 silly audit report       severity: 'moderate',
58 silly audit report       vulnerable_versions: '>=2.0.0 <5.19.1',
58 silly audit report       cwe: [Array],
58 silly audit report       cvss: [Object]
58 silly audit report     },
58 silly audit report     {
58 silly audit report       id: 1096502,
58 silly audit report       url: 'https://github.com/advisories/GHSA-wqq4-5wpv-mx2g',
58 silly audit report       title: "Undici's cookie header not cleared on cross-origin redirect in fetch",
58 silly audit report       severity: 'low',
58 silly audit report       vulnerable_versions: '<5.26.2',
58 silly audit report       cwe: [Array],
58 silly audit report       cvss: [Object]
58 silly audit report     },
58 silly audit report     {
58 silly audit report       id: 1097109,
58 silly audit report       url: 'https://github.com/advisories/GHSA-m4v8-wqvr-p9f7',
58 silly audit report       title: "Undici's Proxy-Authorization header not cleared on cross-origin redirect for dispatch, request, stream, pipeline",
58 silly audit report       severity: 'low',
58 silly audit report       vulnerable_versions: '<5.28.4',
58 silly audit report       cwe: [Array],
58 silly audit report       cvss: [Object]
58 silly audit report     },
58 silly audit report     {
58 silly audit report       id: 1097200,
58 silly audit report       url: 'https://github.com/advisories/GHSA-9qxr-qj54-h672',
58 silly audit report       title: "Undici's fetch with integrity option is too lax when algorithm is specified but hash value is in incorrect",
58 silly audit report       severity: 'low',
58 silly audit report       vulnerable_versions: '<5.28.4',
58 silly audit report       cwe: [Array],
58 silly audit report       cvss: [Object]
58 silly audit report     },
58 silly audit report     {
58 silly audit report       id: 1097221,
58 silly audit report       url: 'https://github.com/advisories/GHSA-3787-6prv-h9w3',
58 silly audit report       title: 'Undici proxy-authorization header not cleared on cross-origin redirect in fetch',
58 silly audit report       severity: 'low',
58 silly audit report       vulnerable_versions: '<=5.28.2',
58 silly audit report       cwe: [Array],
58 silly audit report       cvss: [Object]
58 silly audit report     }
58 silly audit report   ],
58 silly audit report   ws: [
58 silly audit report     {
58 silly audit report       id: 1097615,
58 silly audit report       url: 'https://github.com/advisories/GHSA-3h5v-q93c-6h6q',
58 silly audit report       title: 'ws affected by a DoS when handling a request with many HTTP headers',
58 silly audit report       severity: 'high',
58 silly audit report       vulnerable_versions: '>=8.0.0 <8.17.1',
58 silly audit report       cwe: [Array],
58 silly audit report       cvss: [Object]
58 silly audit report     }
58 silly audit report   ]
58 silly audit report }
59 timing metavuln:cache:get:security-advisory:braces:KXF04h9d5THheVuiveZQPyT0zDOcQ+ZCBCWC4fEeKdNWir6MTPm1eUnuCrcrkFnC7VeN47nv2Evh9JNDWszaCw== Completed in 20ms
60 timing metavuln:cache:get:security-advisory:semver:g1vJG11wXBTamuqcp6anLd2yC0AnCjlhaLFglyJx4rEfKLK+YF116HpQw1CsB0bwCPUkxcSemSBkmLIdEXe6xw== Completed in 18ms
61 timing metavuln:cache:get:security-advisory:semver:YpN6YES21bdtFcj77J4gyDAcoFtVQs6y6pK52a0QXHM6ITXJjpkpE9IpjL8F/hL80Wqt9oIs2axXssYOcSOYHA== Completed in 18ms
62 timing metavuln:cache:get:security-advisory:undici:baMmQIWZBa6WnO8P3a71muKjtzGPttvtCQzYBrz8j3QU7bu5e5bKYSz9qxG7SJA/7Rx1Vr9eqhmA4qPMt/vT0Q== Completed in 18ms
63 timing metavuln:cache:get:security-advisory:undici:nQObUsuTAJw3uIE2fDBnnvZ/K+sGYoQceZrAoY2KQ7iHjP+DKZ89jIOBQ7el1efh19OJOpXHaTafU32tKOzZ9Q== Completed in 18ms
64 timing metavuln:cache:get:security-advisory:undici:CQme3UXqbSc+6MbXKNOaEvMU/3z0huPXd+qWmB7TiOHJlEvs8VRjRggkmUpdwhQLuZrmY0ySr/ibkfKpCwXWfg== Completed in 18ms
65 timing metavuln:cache:get:security-advisory:undici:QG73LuInvDBdZYADfl1qB8jY9C7UpBQkuTKd/itV7s7gihsLFh1a7D8QtWGfh3SoArcQX0DF/5oPtPnQ56vBxg== Completed in 18ms
66 timing metavuln:cache:get:security-advisory:undici:jsNyNlukHQX/1i4LuYKN3cZCuXKfu2x92ozRygCBxVuiExwL9TkThkc916gjlJGQawfN2Zatds6h//glb3um1Q== Completed in 18ms
67 timing metavuln:cache:get:security-advisory:undici:EFWxERUMzcdft7d+aD1MasDluk3Z64n0tXO2QsdhFRBK2P74gW20u4/aCJK8OC4A4F1wxBCxTgsKKdiBuyCKwA== Completed in 17ms
68 timing metavuln:cache:get:security-advisory:ws:CtuKgL5ceK9Nt2eaosrSkYtkpIXFxck8Tccl3jXdSF1gRQlTw4pHwBVlx7CHbVgg6jI2HFvXYlMV9wr98gKHTA== Completed in 18ms
69 http fetch GET 200 https://registry.npmjs.org/braces 63ms (cache revalidated)
70 timing metavuln:packument:braces Completed in 65ms
71 timing metavuln:load:security-advisory:braces:1097496 Completed in 1ms
72 timing metavuln:calculate:security-advisory:braces:1097496 Completed in 67ms
73 http fetch GET 200 https://registry.npmjs.org/undici 77ms (cache revalidated)
74 timing metavuln:packument:undici Completed in 84ms
75 timing metavuln:load:security-advisory:undici:1091088 Completed in 4ms
76 timing metavuln:calculate:security-advisory:undici:1091088 Completed in 89ms
77 timing metavuln:load:security-advisory:undici:1091151 Completed in 3ms
78 timing metavuln:calculate:security-advisory:undici:1091151 Completed in 91ms
79 timing metavuln:load:security-advisory:undici:1096502 Completed in 3ms
80 timing metavuln:calculate:security-advisory:undici:1096502 Completed in 94ms
81 timing metavuln:load:security-advisory:undici:1097109 Completed in 5ms
82 timing metavuln:calculate:security-advisory:undici:1097109 Completed in 99ms
83 timing metavuln:load:security-advisory:undici:1097200 Completed in 3ms
84 timing metavuln:calculate:security-advisory:undici:1097200 Completed in 102ms
85 timing metavuln:load:security-advisory:undici:1097221 Completed in 4ms
86 timing metavuln:calculate:security-advisory:undici:1097221 Completed in 105ms
87 http fetch GET 200 https://registry.npmjs.org/ws 114ms (cache revalidated)
88 timing metavuln:packument:ws Completed in 118ms
89 timing metavuln:load:security-advisory:ws:1097615 Completed in 2ms
90 timing metavuln:calculate:security-advisory:ws:1097615 Completed in 120ms
91 http fetch GET 200 https://registry.npmjs.org/semver 123ms (cache revalidated)
92 timing metavuln:packument:semver Completed in 124ms
93 timing metavuln:load:security-advisory:semver:1096482 Completed in 1ms
94 timing metavuln:calculate:security-advisory:semver:1096482 Completed in 125ms
95 timing metavuln:load:security-advisory:semver:1096483 Completed in 2ms
96 timing metavuln:calculate:security-advisory:semver:1096483 Completed in 127ms
97 timing metavuln:cache:get:security-advisory:chokidar:d8swiqiEpKg5DeFaxQLFn8x1RXHuei5ZfMxjSginyqzUJpvuMi1y4SChEEetiKNWyFIdXQi/yTT2SDT2ZbAm6g== Completed in 6ms
98 http fetch GET 200 https://registry.npmjs.org/chokidar 38ms (cache revalidated)
99 timing metavuln:packument:chokidar Completed in 39ms
100 timing metavuln:load:security-advisory:chokidar:KXF04h9d5THheVuiveZQPyT0zDOcQ+ZCBCWC4fEeKdNWir6MTPm1eUnuCrcrkFnC7VeN47nv2Evh9JNDWszaCw== Completed in 1ms
101 timing metavuln:calculate:security-advisory:chokidar:KXF04h9d5THheVuiveZQPyT0zDOcQ+ZCBCWC4fEeKdNWir6MTPm1eUnuCrcrkFnC7VeN47nv2Evh9JNDWszaCw== Completed in 42ms
102 timing metavuln:cache:get:security-advisory:simple-update-notifier:M18u/m0MDQMDvmdEwXbiD56lvDprnfj4s0cjFbaMX6zgbi51QsLFts7DU2mUWiOOAtu+Ehw4kdeGU9noYQ0L8g== Completed in 4ms
103 http fetch GET 200 https://registry.npmjs.org/simple-update-notifier 38ms (cache revalidated)
104 timing metavuln:packument:simple-update-notifier Completed in 39ms
105 timing metavuln:load:security-advisory:simple-update-notifier:g1vJG11wXBTamuqcp6anLd2yC0AnCjlhaLFglyJx4rEfKLK+YF116HpQw1CsB0bwCPUkxcSemSBkmLIdEXe6xw== Completed in 0ms
106 timing metavuln:calculate:security-advisory:simple-update-notifier:g1vJG11wXBTamuqcp6anLd2yC0AnCjlhaLFglyJx4rEfKLK+YF116HpQw1CsB0bwCPUkxcSemSBkmLIdEXe6xw== Completed in 41ms
107 timing metavuln:cache:get:security-advisory:nodemon:q139jBi2DnqPUB7UuiFdQHEM6O5dOpI9482VRqvKm1hdv43Fw2oc3xQmCv9HvaP5tbDjQa1bVdeCrcIF7fqo8Q== Completed in 6ms
108 http fetch GET 200 https://registry.npmjs.org/nodemon 44ms (cache revalidated)
109 timing metavuln:packument:nodemon Completed in 47ms
110 timing metavuln:load:security-advisory:nodemon:YpN6YES21bdtFcj77J4gyDAcoFtVQs6y6pK52a0QXHM6ITXJjpkpE9IpjL8F/hL80Wqt9oIs2axXssYOcSOYHA== Completed in 3ms
111 timing metavuln:calculate:security-advisory:nodemon:YpN6YES21bdtFcj77J4gyDAcoFtVQs6y6pK52a0QXHM6ITXJjpkpE9IpjL8F/hL80Wqt9oIs2axXssYOcSOYHA== Completed in 50ms
112 timing metavuln:cache:get:security-advisory:@discordjs/rest:LsrgDcW5Pnj/U0JatSgLjQxN1hIblpg1cT+aCCd1Soe2WQZWZ4ixtCQp7Gyne8TknqMOUHg7U/bsD48bwWOZJw== Completed in 4ms
113 http fetch GET 200 https://registry.npmjs.org/@discordjs%2frest 122ms (cache revalidated)
114 timing metavuln:packument:@discordjs/rest Completed in 149ms
115 timing metavuln:load:security-advisory:@discordjs/rest:baMmQIWZBa6WnO8P3a71muKjtzGPttvtCQzYBrz8j3QU7bu5e5bKYSz9qxG7SJA/7Rx1Vr9eqhmA4qPMt/vT0Q== Completed in 65ms
116 timing metavuln:calculate:security-advisory:@discordjs/rest:baMmQIWZBa6WnO8P3a71muKjtzGPttvtCQzYBrz8j3QU7bu5e5bKYSz9qxG7SJA/7Rx1Vr9eqhmA4qPMt/vT0Q== Completed in 215ms
117 timing metavuln:cache:get:security-advisory:discord.js:c+jCnWMIdxcmJKwtu58Ju+jV/1P5Caa0YOZ0zQi4hlyp40qejRQuQTFerrYhp41HZfNDdbdkc9he1YzyUJKrhQ== Completed in 17ms
118 http fetch GET 200 https://registry.npmjs.org/discord.js 77ms (cache revalidated)
119 timing metavuln:packument:discord.js Completed in 128ms
120 timing metavuln:load:security-advisory:discord.js:CtuKgL5ceK9Nt2eaosrSkYtkpIXFxck8Tccl3jXdSF1gRQlTw4pHwBVlx7CHbVgg6jI2HFvXYlMV9wr98gKHTA== Completed in 33ms
121 timing metavuln:calculate:security-advisory:discord.js:CtuKgL5ceK9Nt2eaosrSkYtkpIXFxck8Tccl3jXdSF1gRQlTw4pHwBVlx7CHbVgg6jI2HFvXYlMV9wr98gKHTA== Completed in 163ms
122 timing metavuln:cache:get:security-advisory:nodemon:LlhdwIHl4M/JR4zib76MefBJEPX+uwuq0n9pkNv/a0zPscEDGslOieQIg+Z85IXjV3sPNoCwtELa65eYgdww9Q== Completed in 2ms
123 timing metavuln:load:security-advisory:nodemon:M18u/m0MDQMDvmdEwXbiD56lvDprnfj4s0cjFbaMX6zgbi51QsLFts7DU2mUWiOOAtu+Ehw4kdeGU9noYQ0L8g== Completed in 3ms
124 timing metavuln:calculate:security-advisory:nodemon:M18u/m0MDQMDvmdEwXbiD56lvDprnfj4s0cjFbaMX6zgbi51QsLFts7DU2mUWiOOAtu+Ehw4kdeGU9noYQ0L8g== Completed in 5ms
125 timing auditReport:init Completed in 669ms
126 timing reify:audit Completed in 1059ms
127 timing reify Completed in 1256ms
128 timing command:install Completed in 1325ms
129 verbose exit 0
130 timing npm Completed in 1687ms
131 info ok
